0 info it worked if it ends with ok
1 verbose cli [ 'c:\\Program Files\\nodejs\\node.exe',
1 verbose cli   'c:\\Program Files\\nodejs\\node_modules\\npm\\bin\\npm-cli.js',
1 verbose cli   'start' ]
2 info using npm@3.3.12
3 info using node@v5.1.0
4 verbose run-script [ 'prestart', 'start', 'poststart' ]
5 info lifecycle mumble-1@0.0.0~prestart: mumble-1@0.0.0
6 silly lifecycle mumble-1@0.0.0~prestart: no script for prestart, continuing
7 info lifecycle mumble-1@0.0.0~start: mumble-1@0.0.0
8 verbose lifecycle mumble-1@0.0.0~start: unsafe-perm in lifecycle true
9 verbose lifecycle mumble-1@0.0.0~start: PATH: c:\Program Files\nodejs\node_modules\npm\bin\node-gyp-bin;c:\Users\pavil\Desktop\RMIT - University\IT Systems - Mumble\mumble-1\node_modules\.bin;c:\Users\pavil\bin;.;C:\Program Files (x86)\Git\local\bin;C:\Program Files (x86)\Git\mingw\bin;C:\Program Files (x86)\Git\bin;C:\Program Files (x86)\Git\bin;c:\ProgramData\Oracle\Java\javapath;c:\Program Files (x86)\iis express\PHP\v5.3;c:\windows\system32;c:\windows;c:\windows\System32\Wbem;c:\windows\System32\WindowsPowerShell\v1.0\;c:\Program Files\Microsoft\Web Platform Installer\;%USERPROFILE%\.dnx\bin;c:\Program Files\Microsoft DNX\Dnvm\;c:\Program Files\Microsoft SQL Server\130\Tools\Binn\;c:\Program Files (x86)\Microsoft SQL Server\130\DTS\Binn\;c:\Program Files\MySQL\MySQL Server 5.1\bin;c:\Program Files\nodejs\;c:\Program Files\Microsoft SQL Server\120\Tools\Binn\;c:\Program Files\Microsoft SQL Server\Client SDK\ODBC\110\Tools\Binn\;c:\Program Files (x86)\Microsoft SQL Server\120\Tools\Binn\;c:\Program Files\Microsoft SQL Server\120\DTS\Binn\;c:\Program Files (x86)\Microsoft SQL Server\120\Tools\Binn\ManagementStudio\;c:\Program Files (x86)\Microsoft SQL Server\120\DTS\Binn\;c:\WINDOWS\system32;c:\WINDOWS;c:\WINDOWS\System32\Wbem;c:\WINDOWS\System32\WindowsPowerShell\v1.0\;c:\Program Files\010 Editor;c:\Program Files (x86)\Skype\Phone\;c:\Program Files (x86)\Brackets\command;c:\Program Files (x86)\Microsoft VS Code\bin;c:\Users\pavil\AppData\Roaming\npm;c:\phantomjs\bin;c:\Users\pavil\AppData\Local\atom\bin;c:\Program Files (x86)\SSH Communications Security\SSH Secure Shell;c:\MinGW\bin;c:\Ruby23\bin
10 verbose lifecycle mumble-1@0.0.0~start: CWD: c:\Users\pavil\Desktop\RMIT - University\IT Systems - Mumble\mumble-1
11 silly lifecycle mumble-1@0.0.0~start: Args: [ '/d /s /c', 'node src/' ]
12 silly lifecycle mumble-1@0.0.0~start: Returned: code: 1  signal: null
13 info lifecycle mumble-1@0.0.0~start: Failed to exec start script
14 verbose stack Error: mumble-1@0.0.0 start: `node src/`
14 verbose stack Exit status 1
14 verbose stack     at EventEmitter.<anonymous> (c:\Program Files\nodejs\node_modules\npm\lib\utils\lifecycle.js:232:16)
14 verbose stack     at emitTwo (events.js:87:13)
14 verbose stack     at EventEmitter.emit (events.js:172:7)
14 verbose stack     at ChildProcess.<anonymous> (c:\Program Files\nodejs\node_modules\npm\lib\utils\spawn.js:24:14)
14 verbose stack     at emitTwo (events.js:87:13)
14 verbose stack     at ChildProcess.emit (events.js:172:7)
14 verbose stack     at maybeClose (internal/child_process.js:818:16)
14 verbose stack     at Process.ChildProcess._handle.onexit (internal/child_process.js:211:5)
15 verbose pkgid mumble-1@0.0.0
16 verbose cwd c:\Users\pavil\Desktop\RMIT - University\IT Systems - Mumble\mumble-1
17 error Windows_NT 10.0.10586
18 error argv "c:\\Program Files\\nodejs\\node.exe" "c:\\Program Files\\nodejs\\node_modules\\npm\\bin\\npm-cli.js" "start"
19 error node v5.1.0
20 error npm  v3.3.12
21 error code ELIFECYCLE
22 error mumble-1@0.0.0 start: `node src/`
22 error Exit status 1
23 error Failed at the mumble-1@0.0.0 start script 'node src/'.
23 error Make sure you have the latest version of node.js and npm installed.
23 error If you do, this is most likely a problem with the mumble-1 package,
23 error not with npm itself.
23 error Tell the author that this fails on your system:
23 error     node src/
23 error You can get their info via:
23 error     npm owner ls mumble-1
23 error There is likely additional logging output above.
24 verbose exit [ 1, true ]
